Base path: D:/Unity5.1.1/Editor/Editor/Data
Pipe name: \\.\pipe\UnityShaderCompiler-64bit-1-25964
Cmd: getPlatforms
Cmd: compileSnippet
  api=4 type=0 insize=6731 outsize=3663 kw=DIRECTIONAL LIGHTMAP_OFF DIRLIGHTMAP_OFF DYNAMICLIGHTMAP_OFF ok=1
Cmd: compileSnippet
  api=4 type=1 insize=6731 outsize=1314 kw=DIRECTIONAL LIGHTMAP_OFF DIRLIGHTMAP_OFF DYNAMICLIGHTMAP_OFF ok=1
Cmd: compileSnippet
  api=4 type=0 insize=3569 outsize=2753 kw=DIRECTIONAL ok=1
Cmd: compileSnippet
  api=4 type=1 insize=3569 outsize=1168 kw=DIRECTIONAL ok=1
Cmd: preprocess
  insize=1618 outsize=1093 ok=1
Cmd: compileSnippet
  api=4 type=0 insize=861 outsize=1534 kw=SHADOWS_DEPTH ok=1
Cmd: compileSnippet
  api=4 type=1 insize=861 outsize=884 kw=SHADOWS_DEPTH ok=1
Cmd: preprocess
  insize=2717 outsize=1887 ok=1
Cmd: compileSnippet
  error: 2 plat 4 at ShaderShared.cginc(12): undeclared identifier 'unity_ObjectToWorld'\nCompiling Vertex program
  api=4 type=0 insize=1031 outsize=0 kw= ok=0
Cmd: preprocess
  insize=3066 outsize=863 ok=1
Cmd: compileSnippet
  api=4 type=0 insize=2502 outsize=1209 kw= ok=1
Cmd: compileSnippet
  api=4 type=1 insize=2502 outsize=989 kw= ok=1
Cmd: preprocess
  insize=2313 outsize=894 ok=1
Cmd: compileSnippet
  api=4 type=0 insize=1197 outsize=1428 kw= ok=1
Cmd: compileSnippet
  api=4 type=1 insize=1197 outsize=1071 kw= ok=1
Cmd: compileSnippet
  api=4 type=0 insize=860 outsize=1534 kw=SHADOWS_DEPTH ok=1
Cmd: compileSnippet
  api=4 type=1 insize=860 outsize=884 kw=SHADOWS_DEPTH ok=1
Cmd: preprocess
  insize=1937 outsize=1432 ok=1
Cmd: compileSnippet
  error: 2 plat 4 at ShaderShared.cginc(12): undeclared identifier 'unity_ObjectToWorld'\nCompiling Vertex program
  api=4 type=0 insize=705 outsize=0 kw= ok=0
Cmd: preprocess
  insize=1391 outsize=486 ok=1
Cmd: compileSnippet
  api=4 type=0 insize=1207 outsize=1290 kw= ok=1
Cmd: compileSnippet
  api=4 type=1 insize=1207 outsize=868 kw= ok=1
Cmd: preprocess
  insize=3629 outsize=2186 ok=1
Cmd: compileSnippet
  error: 2 plat 4 at ShaderShared.cginc(12): undeclared identifier 'unity_ObjectToWorld'\nCompiling Vertex program with DIRECTIONAL SHADOWS_OFF LIGHTMAP_OFF DIRLIGHTMAP_OFF DYNAMICLIGHTMAP_OFF
  api=4 type=0 insize=1068 outsize=0 kw=DIRECTIONAL SHADOWS_OFF LIGHTMAP_OFF DIRLIGHTMAP_OFF DYNAMICLIGHTMAP_OFF ok=0
Cmd: preprocess
  insize=212 outsize=209 ok=1
Cmd: preprocess
  insize=9568 outsize=1899 ok=1
Cmd: compileSnippet
  error: 2 plat 4 at (25): unrecognized identifier 'UNITY_VERTEX_OUTPUT_STEREO'\nCompiling Vertex program
  api=4 type=0 insize=1071 outsize=0 kw= ok=0
Cmd: preprocess
  insize=1720 outsize=1192 ok=1
Cmd: compileSnippet
  api=4 type=0 insize=861 outsize=1534 kw=SHADOWS_DEPTH ok=1
Cmd: compileSnippet
  api=4 type=1 insize=861 outsize=884 kw=SHADOWS_DEPTH ok=1
Cmd: preprocess
  insize=1896 outsize=1135 ok=1
Cmd: compileSnippet
  api=4 type=0 insize=1062 outsize=1266 kw= ok=1
Cmd: compileSnippet
  api=4 type=1 insize=1062 outsize=770 kw= ok=1
Cmd: preprocess
  insize=1618 outsize=1093 ok=1
Cmd: preprocess
  insize=2717 outsize=1887 ok=1
Cmd: compileSnippet
  error: 2 plat 4 at ShaderShared.cginc(12): undeclared identifier 'unity_ObjectToWorld'\nCompiling Vertex program
  api=4 type=0 insize=1031 outsize=0 kw= ok=0
Cmd: preprocess
  insize=3066 outsize=863 ok=1
Cmd: preprocess
  insize=2313 outsize=894 ok=1
Cmd: preprocess
  insize=1937 outsize=1432 ok=1
Cmd: compileSnippet
  error: 2 plat 4 at ShaderShared.cginc(12): undeclared identifier 'unity_ObjectToWorld'\nCompiling Vertex program
  api=4 type=0 insize=705 outsize=0 kw= ok=0
Cmd: preprocess
  insize=1391 outsize=486 ok=1
Cmd: preprocess
  insize=3629 outsize=2186 ok=1
Cmd: compileSnippet
  error: 2 plat 4 at ShaderShared.cginc(12): undeclared identifier 'unity_ObjectToWorld'\nCompiling Vertex program with DIRECTIONAL SHADOWS_OFF LIGHTMAP_OFF DIRLIGHTMAP_OFF DYNAMICLIGHTMAP_OFF
  api=4 type=0 insize=1068 outsize=0 kw=DIRECTIONAL SHADOWS_OFF LIGHTMAP_OFF DIRLIGHTMAP_OFF DYNAMICLIGHTMAP_OFF ok=0
Cmd: preprocess
  insize=212 outsize=209 ok=1
Cmd: preprocess
  insize=9568 outsize=1899 ok=1
Cmd: compileSnippet
  error: 2 plat 4 at (25): unrecognized identifier 'UNITY_VERTEX_OUTPUT_STEREO'\nCompiling Vertex program
  api=4 type=0 insize=1071 outsize=0 kw= ok=0
Cmd: preprocess
  insize=1720 outsize=1192 ok=1
Cmd: preprocess
  insize=1896 outsize=1135 ok=1
Cmd: preprocess
  insize=1618 outsize=1093 ok=1
Cmd: preprocess
  insize=2717 outsize=1887 ok=1
Cmd: compileSnippet
  error: 2 plat 4 at ShaderShared.cginc(12): undeclared identifier 'unity_ObjectToWorld'\nCompiling Vertex program
  api=4 type=0 insize=1031 outsize=0 kw= ok=0
Cmd: preprocess
  insize=3066 outsize=863 ok=1
Cmd: preprocess
  insize=2313 outsize=894 ok=1
Cmd: preprocess
  insize=1937 outsize=1432 ok=1
Cmd: compileSnippet
  error: 2 plat 4 at ShaderShared.cginc(12): undeclared identifier 'unity_ObjectToWorld'\nCompiling Vertex program
  api=4 type=0 insize=705 outsize=0 kw= ok=0
Cmd: preprocess
  insize=1391 outsize=486 ok=1
Cmd: preprocess
  insize=3629 outsize=2186 ok=1
Cmd: compileSnippet
  error: 2 plat 4 at ShaderShared.cginc(12): undeclared identifier 'unity_ObjectToWorld'\nCompiling Vertex program with DIRECTIONAL SHADOWS_OFF LIGHTMAP_OFF DIRLIGHTMAP_OFF DYNAMICLIGHTMAP_OFF
  api=4 type=0 insize=1068 outsize=0 kw=DIRECTIONAL SHADOWS_OFF LIGHTMAP_OFF DIRLIGHTMAP_OFF DYNAMICLIGHTMAP_OFF ok=0
Cmd: preprocess
  insize=212 outsize=209 ok=1
Cmd: preprocess
  insize=9568 outsize=1899 ok=1
Cmd: compileSnippet
  error: 2 plat 4 at (25): unrecognized identifier 'UNITY_VERTEX_OUTPUT_STEREO'\nCompiling Vertex program
  api=4 type=0 insize=1071 outsize=0 kw= ok=0
Cmd: preprocess
  insize=1720 outsize=1192 ok=1
Cmd: preprocess
  insize=1896 outsize=1135 ok=1
Cmd: preprocess
  insize=1618 outsize=1093 ok=1
Cmd: preprocess
  insize=2717 outsize=1887 ok=1
Cmd: compileSnippet
  error: 2 plat 4 at ShaderShared.cginc(12): undeclared identifier 'unity_ObjectToWorld'\nCompiling Vertex program
  api=4 type=0 insize=1031 outsize=0 kw= ok=0
Cmd: preprocess
  insize=3066 outsize=863 ok=1
Cmd: preprocess
  insize=2313 outsize=894 ok=1
Cmd: preprocess
  insize=1937 outsize=1432 ok=1
Cmd: compileSnippet
  error: 2 plat 4 at ShaderShared.cginc(12): undeclared identifier 'unity_ObjectToWorld'\nCompiling Vertex program
  api=4 type=0 insize=705 outsize=0 kw= ok=0
Cmd: preprocess
  insize=1391 outsize=486 ok=1
Cmd: preprocess
  insize=3629 outsize=2186 ok=1
Cmd: compileSnippet
  error: 2 plat 4 at ShaderShared.cginc(12): undeclared identifier 'unity_ObjectToWorld'\nCompiling Vertex program with DIRECTIONAL SHADOWS_OFF LIGHTMAP_OFF DIRLIGHTMAP_OFF DYNAMICLIGHTMAP_OFF
  api=4 type=0 insize=1068 outsize=0 kw=DIRECTIONAL SHADOWS_OFF LIGHTMAP_OFF DIRLIGHTMAP_OFF DYNAMICLIGHTMAP_OFF ok=0
Cmd: preprocess
  insize=212 outsize=209 ok=1
Cmd: preprocess
  insize=9568 outsize=1899 ok=1
Cmd: compileSnippet
  error: 2 plat 4 at (25): unrecognized identifier 'UNITY_VERTEX_OUTPUT_STEREO'\nCompiling Vertex program
  api=4 type=0 insize=1071 outsize=0 kw= ok=0
Cmd: preprocess
  insize=1720 outsize=1192 ok=1
Cmd: preprocess
  insize=1896 outsize=1135 ok=1
